DeclList ->
OptExtends ->
FieldList ->
Type -> int
Variable -> Type identifier
VariableDecl -> Variable ;
Field -> VariableDecl
FieldList -> FieldList Field
Type -> bool
Variable -> Type identifier
VariableDecl -> Variable ;
Field -> VariableDecl
FieldList -> FieldList Field
Type -> void
Formals ->
StmtList ->
Expr -> this
OptReceiver -> Expr .
LValue -> OptReceiver identifier
Expr -> LValue
ExprList -> Expr
Constant -> stringConstant
Expr -> Constant
ExprList -> ExprList , Expr
OptReceiver ->
LValue -> OptReceiver identifier
Expr -> LValue
ExprList -> ExprList , Expr
Constant -> stringConstant
Expr -> Constant
ExprList -> ExprList , Expr
PrintStmt -> Print ( ExprList )
Stmt -> PrintStmt ;
StmtList -> StmtList Stmt
StmtBlock -> { StmtList }
FunctionDefn -> Type identifier ( Formals ) StmtBlock
Field -> FunctionDefn
FieldList -> FieldList Field
ClassDefn -> class identifier OptExtends { FieldList }
Decl -> ClassDefn
DeclList -> DeclList Decl
Type -> void
Formals ->
StmtList ->
Type ->class identifier
Variable -> Type identifier
VariableDecl -> Variable ;
Stmt -> VariableDecl
StmtList -> StmtList Stmt
OptReceiver ->
LValue -> OptReceiver identifier
Expr -> New ( identifier )
SimpleStmt -> LValue = Expr
Stmt -> SimpleStmt ;
StmtList -> StmtList Stmt
OptReceiver ->
LValue -> OptReceiver identifier
Expr -> LValue
OptReceiver -> Expr .
Actuals ->
Call -> OptReceiver identifier ( Actuals )
Expr -> Call
SimpleStmt -> Expr
Stmt -> SimpleStmt ;
StmtList -> StmtList Stmt
StmtBlock -> { StmtList }
FunctionDefn -> Type identifier ( Formals ) StmtBlock
Decl -> FunctionDefn
DeclList -> DeclList Decl
Program -> DeclList
